0:0:0:0:0:0:0:1:web::http://localhost:8081/spring/main
0:0:0:0:0:0:0:1:web::http://localhost:8081/spring/resources/css/main-style.css
0:0:0:0:0:0:0:1:web::http://localhost:8081/spring/resources/js/main/main.js
0:0:0:0:0:0:0:1:web::http://localhost:8081/spring/resources/images/top_logo.jpg
0:0:0:0:0:0:0:1:web::http://localhost:8081/spring/member/selectAll
0:0:0:0:0:0:0:1:web::http://localhost:8081/spring/member/selectAll
0:0:0:0:0:0:0:1:web::http://localhost:8081/spring/member/selectAll
0:0:0:0:0:0:0:1:web::http://localhost:8081/spring/member/selectAll
0:0:0:0:0:0:0:1:web::http://localhost:8081/spring/member/selectAll
0:0:0:0:0:0:0:1:web::http://localhost:8081/spring/chat/chatRoomList
0:0:0:0:0:0:0:1:web::http://localhost:8081/spring/resources/css/chat-style.css
0:0:0:0:0:0:0:1:web::http://localhost:8081/spring/board/list/N
0:0:0:0:0:0:0:1:web::http://localhost:8081/spring/resources/images/user.jpg
0:0:0:0:0:0:0:1:web::http://localhost:8081/spring/board/detail/N/36
0:0:0:0:0:0:0:1:web::http://localhost:8081/spring/main
0:0:0:0:0:0:0:1:web::http://localhost:8081/spring/member/selectAll
0:0:0:0:0:0:0:1:web::http://localhost:8081/spring/board/list/P
0:0:0:0:0:0:0:1:web::http://localhost:8081/spring/board/detail/P/34
0:0:0:0:0:0:0:1:web::http://localhost:8081/spring/board/detail/P/35
0:0:0:0:0:0:0:1:web::http://localhost:8081/spring/main
0:0:0:0:0:0:0:1:web::http://localhost:8081/spring/member/selectAll
0:0:0:0:0:0:0:1:web::http://localhost:8081/spring/board/list/N
0:0:0:0:0:0:0:1:web::http://localhost:8081/spring/board/list/P
0:0:0:0:0:0:0:1:web::http://localhost:8081/spring/member/login?userId=dhguswl00@naver.com&userPwd=1234&saveId=on
0:0:0:0:0:0:0:1:web:dhguswl00@naver.com:http://localhost:8081/spring/main
0:0:0:0:0:0:0:1:web:dhguswl00@naver.com:http://localhost:8081/spring/member/selectAll
0:0:0:0:0:0:0:1:web:dhguswl00@naver.com:http://localhost:8081/spring/board/list/P
0:0:0:0:0:0:0:1:web:dhguswl00@naver.com:http://localhost:8081/spring/board/enrollForm/P
0:0:0:0:0:0:0:1:web:dhguswl00@naver.com:http://localhost:8081/spring/board/insert/P?mode=&deleteList=&changeName=&boardTitle=dsa&boardWriter=3&boardContent=dsa&originName=&boardNo=0
0:0:0:0:0:0:0:1:web:dhguswl00@naver.com:http://localhost:8081/spring/board/list/P
0:0:0:0:0:0:0:1:web:dhguswl00@naver.com:http://localhost:8081/spring/board/detail/P/37
0:0:0:0:0:0:0:1:web:dhguswl00@naver.com:http://localhost:8081/spring/reply/selectReplyList?bno=37
